<?xml version="1.0" encoding="UTF-8"?>

<mule xmlns:wd-hr="http://www.mulesoft.org/schema/mule/wd-hr" 
	  xmlns="http://www.mulesoft.org/schema/mule/core" 
	  xmlns:doc="http://www.mulesoft.org/schema/mule/documentation"
	  version="EE-3.7.1"
	  xmlns:xsi="http://www.w3.org/2001/XMLSchema-instance"
	  xsi:schemaLocation="http://www.mulesoft.org/schema/mule/core http://www.mulesoft.org/schema/mule/core/current/mule.xsd
http://www.mulesoft.org/schema/mule/wd-hr http://www.mulesoft.org/schema/mule/wd-hr/current/mule-wd-hr.xsd">

    <sub-flow name="queryWorkdayEmployeeFlow" >
        <processor-chain doc:name="Processor Chain">
            <wd-hr:get-workers config-ref="WorkdayHumanResource" doc:name="Workday Human Resource" workersRequest-ref="#[org.mule.templates.UpdateEmployeeRequest.create(payload)]"/>
        </processor-chain>
    </sub-flow>
</mule>
